<?xml version="1.0" encoding="utf-8"?><testsuites name="pytest tests"><testsuite name="pytest" errors="0" failures="0" skipped="0" tests="17" time="170.643" timestamp="2026-04-21T06:47:23.133110+00:00" hostname="agent-env-f03d2a4b-4c51-4bed-b54b-6b6930401587"><testcase classname="backend.tests.test_projects_and_screenshot" name="test_screenshot_url_example" time="16.697" /><testcase classname="backend.tests.test_projects_and_screenshot" name="test_screenshot_url_no_scheme_autoprefix" time="15.896" /><testcase classname="backend.tests.test_projects_and_screenshot" name="test_screenshot_url_invalid" time="0.540" /><testcase classname="backend.tests.test_projects_and_screenshot" name="test_create_project" time="0.045" /><testcase classname="backend.tests.test_projects_and_screenshot" name="test_create_project_empty_name" time="0.046" /><testcase classname="backend.tests.test_projects_and_screenshot" name="test_list_projects" time="0.052" /><testcase classname="backend.tests.test_projects_and_screenshot" name="test_get_project_populates_extractions" time="0.263" /><testcase classname="backend.tests.test_projects_and_screenshot" name="test_patch_project_preserves_order_on_add_remove" time="0.406" /><testcase classname="backend.tests.test_projects_and_screenshot" name="test_patch_project_404" time="0.082" /><testcase classname="backend.tests.test_projects_and_screenshot" name="test_get_project_404" time="0.052" /><testcase classname="backend.tests.test_projects_and_screenshot" name="test_delete_project" time="0.170" /><testcase classname="backend.tests.test_projects_and_screenshot" name="test_project_analyze_dna" time="46.118" /><testcase classname="backend.tests.test_projects_and_screenshot" name="test_project_analyze_dna_empty_project" time="0.089" /><testcase classname="backend.tests.test_projects_and_screenshot" name="test_project_analyze_dna_404" time="0.062" /><testcase classname="backend.tests.test_projects_and_screenshot" name="test_dna_diff_success" time="88.792" /><testcase classname="backend.tests.test_projects_and_screenshot" name="test_dna_diff_404" time="0.084" /><testcase classname="backend.tests.test_projects_and_screenshot" name="test_dna_diff_rejects_non_dna_ids" time="1.149" /></testsuite></testsuites>