<?xml version="1.0" encoding="utf-8"?><testsuites name="pytest tests"><testsuite name="pytest" errors="0" failures="0" skipped="0" tests="26" time="34.746" timestamp="2026-04-21T07:04:26.709652+00:00" hostname="agent-env-f03d2a4b-4c51-4bed-b54b-6b6930401587"><testcase classname="backend.tests.test_iteration3" name="test_ssrf_blocks_extract_url[http://localhost]" time="0.125" /><testcase classname="backend.tests.test_iteration3" name="test_ssrf_blocks_extract_url[http://localhost:8001]" time="0.044" /><testcase classname="backend.tests.test_iteration3" name="test_ssrf_blocks_extract_url[http://127.0.0.1]" time="0.047" /><testcase classname="backend.tests.test_iteration3" name="test_ssrf_blocks_extract_url[http://127.0.0.1:80]" time="0.046" /><testcase classname="backend.tests.test_iteration3" name="test_ssrf_blocks_extract_url[http://169.254.169.254]" time="0.046" /><testcase classname="backend.tests.test_iteration3" name="test_ssrf_blocks_extract_url[http://10.0.0.1]" time="0.046" /><testcase classname="backend.tests.test_iteration3" name="test_ssrf_blocks_extract_url[http://192.168.1.1]" time="0.044" /><testcase classname="backend.tests.test_iteration3" name="test_ssrf_blocks_extract_url[http://[::1]]" time="0.046" /><testcase classname="backend.tests.test_iteration3" name="test_ssrf_blocks_extract_url[http://metadata.google.internal]" time="0.043" /><testcase classname="backend.tests.test_iteration3" name="test_ssrf_blocks_extract_url[http://something.local]" time="0.044" /><testcase classname="backend.tests.test_iteration3" name="test_ssrf_blocks_extract_url[http://something.internal]" time="0.043" /><testcase classname="backend.tests.test_iteration3" name="test_ssrf_blocks_screenshot_url[http://localhost]" time="0.043" /><testcase classname="backend.tests.test_iteration3" name="test_ssrf_blocks_screenshot_url[http://127.0.0.1]" time="0.045" /><testcase classname="backend.tests.test_iteration3" name="test_ssrf_blocks_screenshot_url[http://169.254.169.254]" time="0.043" /><testcase classname="backend.tests.test_iteration3" name="test_extract_url_public_still_works" time="0.138" /><testcase classname="backend.tests.test_iteration3" name="test_tokens_export_404" time="0.051" /><testcase classname="backend.tests.test_iteration3" name="test_tokens_export_html" time="0.108" /><testcase classname="backend.tests.test_iteration3" name="test_tokens_export_react" time="0.087" /><testcase classname="backend.tests.test_iteration3" name="test_tokens_export_url" time="0.092" /><testcase classname="backend.tests.test_iteration3" name="test_tokens_export_dna_if_present" time="0.090" /><testcase classname="backend.tests.test_iteration3" name="test_tokens_export_screenshot_if_present" time="0.092" /><testcase classname="backend.tests.test_iteration3" name="test_screenshot_url_browser_pool_reuse" time="26.398" /><testcase classname="backend.tests.test_iteration3" name="test_chrome_extension_manifest_valid" time="0.000" /><testcase classname="backend.tests.test_iteration3" name="test_chrome_extension_popup_uses_api_paths" time="0.000" /><testcase classname="backend.tests.test_iteration3" name="test_rate_limit_llm_triggers_429" time="6.481" /><testcase classname="backend.tests.test_iteration3" name="test_rate_limit_cheap_separate_bucket" time="0.425" /></testsuite></testsuites>