<?xml version="1.0" encoding="utf-8"?><testsuites name="pytest tests"><testsuite name="pytest" errors="0" failures="3" skipped="0" tests="15" time="199.430" timestamp="2026-04-21T06:11:36.510355+00:00" hostname="agent-env-f03d2a4b-4c51-4bed-b54b-6b6930401587"><testcase classname="backend.tests.test_extractor_api" name="test_root_health" time="0.116" /><testcase classname="backend.tests.test_extractor_api" name="test_extract_react_success" time="0.047" /><testcase classname="backend.tests.test_extractor_api" name="test_extract_react_empty_files" time="0.047" /><testcase classname="backend.tests.test_extractor_api" name="test_extract_html_success" time="0.052" /><testcase classname="backend.tests.test_extractor_api" name="test_extract_url_success" time="0.139" /><testcase classname="backend.tests.test_extractor_api" name="test_extract_url_invalid" time="0.107" /><testcase classname="backend.tests.test_extractor_api" name="test_extract_screenshot_success" time="17.009" /><testcase classname="backend.tests.test_extractor_api" name="test_extract_screenshot_invalid" time="0.049" /><testcase classname="backend.tests.test_extractor_api" name="test_list_extractions" time="0.046" /><testcase classname="backend.tests.test_extractor_api" name="test_get_extraction_by_id" time="0.050" /><testcase classname="backend.tests.test_extractor_api" name="test_get_extraction_404" time="0.048" /><testcase classname="backend.tests.test_extractor_api" name="test_analyze_dna" time="60.044"><failure message="AssertionError: The preview environment is not responding. It may be starting up.&#10;  &#10;assert 502 == 200&#10; +  where 502 = &lt;Response [502]&gt;.status_code">E   AssertionError: The preview environment is not responding. It may be starting up.
      
    assert 502 == 200
     +  where 502 = &lt;Response [502]&gt;.status_code</failure></testcase><testcase classname="backend.tests.test_extractor_api" name="test_analyze_dna_empty_ids" time="60.061"><failure message="requests.exceptions.ReadTimeout: HTTPSConnectionPool(host='data-extract-preview.preview.emergentagent.com', port=443): Read timed out. (read timeout=60)">E   TimeoutError: The read operation timed out

The above exception was the direct cause of the following exception:
E   urllib3.exceptions.ReadTimeoutError: HTTPSConnectionPool(host='data-extract-preview.preview.emergentagent.com', port=443): Read timed out. (read timeout=60)

During handling of the above exception, another exception occurred:
E   requests.exceptions.ReadTimeout: HTTPSConnectionPool(host='data-extract-preview.preview.emergentagent.com', port=443): Read timed out. (read timeout=60)</failure></testcase><testcase classname="backend.tests.test_extractor_api" name="test_analyze_dna_unknown_ids" time="60.142"><failure message="requests.exceptions.ReadTimeout: HTTPSConnectionPool(host='data-extract-preview.preview.emergentagent.com', port=443): Read timed out. (read timeout=60)">E   TimeoutError: The read operation timed out

The above exception was the direct cause of the following exception:
E   urllib3.exceptions.ReadTimeoutError: HTTPSConnectionPool(host='data-extract-preview.preview.emergentagent.com', port=443): Read timed out. (read timeout=60)

During handling of the above exception, another exception occurred:
E   requests.exceptions.ReadTimeout: HTTPSConnectionPool(host='data-extract-preview.preview.emergentagent.com', port=443): Read timed out. (read timeout=60)</failure></testcase><testcase classname="backend.tests.test_extractor_api" name="test_delete_extraction" time="1.386" /></testsuite></testsuites>